# JRE version: Java(TM) SE Runtime Environment (8.0_101-b13) (build 1.8.0_101-b13)
# Java VM: Java HotSpot(TM) 64-Bit Server VM (25.101-b13 mixed mode windows-amd64 compressed oops)
Heap:
 PSYoungGen      total 283648K, used 11249K [0x00000000e0000000, 0x00000000f7c00000, 0x0000000100000000)
  eden space 272384K, 0% used [0x00000000e0000000,0x00000000e0000000,0x00000000f0a00000)
  from space 11264K, 99% used [0x00000000f4980000,0x00000000f547c5c8,0x00000000f5480000)
  to   space 58368K, 0% used [0x00000000f0a00000,0x00000000f0a00000,0x00000000f4300000)
 ParOldGen       total 172032K, used 171631K [0x00000000a0000000, 0x00000000aa800000, 0x00000000e0000000)
  object space 172032K, 99% used [0x00000000a0000000,0x00000000aa79bc98,0x00000000aa800000)
 Metaspace       used 82452K, capacity 88464K, committed 88664K, reserved 1126400K
  class space    used 10931K, capacity 12063K, committed 12160K, reserved 1048576K
GC Heap History (10 events):
Event: 4417.743 GC heap after
Heap after GC invocations=17 (full 3):
 PSYoungGen      total 265216K, used 16888K [0x00000000e0000000, 0x00000000f6d80000, 0x0000000100000000)
  eden space 248320K, 0% used [0x00000000e0000000,0x00000000e0000000,0x00000000ef280000)
  from space 16896K, 99% used [0x00000000f0c00000,0x00000000f1c7e0b8,0x00000000f1c80000)
  to   space 26112K, 0% used [0x00000000ef280000,0x00000000ef280000,0x00000000f0c00000)
 ParOldGen       total 143360K, used 51489K [0x00000000a0000000, 0x00000000a8c00000, 0x00000000e0000000)
  object space 143360K, 35% used [0x00000000a0000000,0x00000000a3248740,0x00000000a8c00000)
 Metaspace       used 71574K, capacity 76092K, committed 76248K, reserved 1114112K
  class space    used 9713K, capacity 10654K, committed 10752K, reserved 1048576K
}
Event: 4427.523 GC heap before
{Heap before GC invocations=18 (full 3):
 PSYoungGen      total 265216K, used 265208K [0x00000000e0000000, 0x00000000f6d80000, 0x0000000100000000)
  eden space 248320K, 100% used [0x00000000e0000000,0x00000000ef280000,0x00000000ef280000)
  from space 16896K, 99% used [0x00000000f0c00000,0x00000000f1c7e0b8,0x00000000f1c80000)
  to   space 26112K, 0% used [0x00000000ef280000,0x00000000ef280000,0x00000000f0c00000)
 ParOldGen       total 143360K, used 51489K [0x00000000a0000000, 0x00000000a8c00000, 0x00000000e0000000)
  object space 143360K, 35% used [0x00000000a0000000,0x00000000a3248740,0x00000000a8c00000)
 Metaspace       used 72976K, capacity 78522K, committed 78808K, reserved 1118208K
  class space    used 9902K, capacity 10959K, committed 11008K, reserved 1048576K
Event: 4427.558 GC heap after
Heap after GC invocations=18 (full 3):
 PSYoungGen      total 274432K, used 23567K [0x00000000e0000000, 0x00000000f7000000, 0x0000000100000000)
  eden space 248320K, 0% used [0x00000000e0000000,0x00000000e0000000,0x00000000ef280000)
  from space 26112K, 90% used [0x00000000ef280000,0x00000000f0983f40,0x00000000f0c00000)
  to   space 28672K, 0% used [0x00000000f5400000,0x00000000f5400000,0x00000000f7000000)
 ParOldGen       total 143360K, used 66636K [0x00000000a0000000, 0x00000000a8c00000, 0x00000000e0000000)
  object space 143360K, 46% used [0x00000000a0000000,0x00000000a4113108,0x00000000a8c00000)
 Metaspace       used 72976K, capacity 78522K, committed 78808K, reserved 1118208K
  class space    used 9902K, capacity 10959K, committed 11008K, reserved 1048576K
}
Event: 6160.085 GC heap before
{Heap before GC invocations=19 (full 3):
 PSYoungGen      total 274432K, used 271887K [0x00000000e0000000, 0x00000000f7000000, 0x0000000100000000)
  eden space 248320K, 100% used [0x00000000e0000000,0x00000000ef280000,0x00000000ef280000)
  from space 26112K, 90% used [0x00000000ef280000,0x00000000f0983f40,0x00000000f0c00000)
  to   space 28672K, 0% used [0x00000000f5400000,0x00000000f5400000,0x00000000f7000000)
 ParOldGen       total 143360K, used 66636K [0x00000000a0000000, 0x00000000a8c00000, 0x00000000e0000000)
  object space 143360K, 46% used [0x00000000a0000000,0x00000000a4113108,0x00000000a8c00000)
 Metaspace       used 74289K, capacity 80246K, committed 80344K, reserved 1118208K
  class space    used 10088K, capacity 11179K, committed 11264K, reserved 1048576K
Event: 6160.150 GC heap after
Heap after GC invocations=19 (full 3):
 PSYoungGen      total 256512K, used 17255K [0x00000000e0000000, 0x00000000f6500000, 0x0000000100000000)
  eden space 239104K, 0% used [0x00000000e0000000,0x00000000e0000000,0x00000000ee980000)
  from space 17408K, 99% used [0x00000000f5400000,0x00000000f64d9ff8,0x00000000f6500000)
  to   space 28160K, 0% used [0x00000000f2e00000,0x00000000f2e00000,0x00000000f4980000)
 ParOldGen       total 143360K, used 87030K [0x00000000a0000000, 0x00000000a8c00000, 0x00000000e0000000)
  object space 143360K, 60% used [0x00000000a0000000,0x00000000a54fd940,0x00000000a8c00000)
 Metaspace       used 74289K, capacity 80246K, committed 80344K, reserved 1118208K
  class space    used 10088K, capacity 11179K, committed 11264K, reserved 1048576K
}
Event: 6169.846 GC heap before
{Heap before GC invocations=20 (full 3):
 PSYoungGen      total 256512K, used 256359K [0x00000000e0000000, 0x00000000f6500000, 0x0000000100000000)
  eden space 239104K, 100% used [0x00000000e0000000,0x00000000ee980000,0x00000000ee980000)
  from space 17408K, 99% used [0x00000000f5400000,0x00000000f64d9ff8,0x00000000f6500000)
  to   space 28160K, 0% used [0x00000000f2e00000,0x00000000f2e00000,0x00000000f4980000)
 ParOldGen       total 143360K, used 87030K [0x00000000a0000000, 0x00000000a8c00000, 0x00000000e0000000)
  object space 143360K, 60% used [0x00000000a0000000,0x00000000a54fd940,0x00000000a8c00000)
 Metaspace       used 80874K, capacity 86922K, committed 87000K, reserved 1124352K
  class space    used 10844K, capacity 11998K, committed 12032K, reserved 1048576K
Event: 6169.904 GC heap after
Heap after GC invocations=20 (full 3):
 PSYoungGen      total 258560K, used 28139K [0x00000000e0000000, 0x00000000f5480000, 0x0000000100000000)
  eden space 230400K, 0% used [0x00000000e0000000,0x00000000e0000000,0x00000000ee100000)
  from space 28160K, 99% used [0x00000000f2e00000,0x00000000f497af18,0x00000000f4980000)
  to   space 11264K, 0% used [0x00000000f4980000,0x00000000f4980000,0x00000000f5480000)
 ParOldGen       total 143360K, used 113497K [0x00000000a0000000, 0x00000000a8c00000, 0x00000000e0000000)
  object space 143360K, 79% used [0x00000000a0000000,0x00000000a6ed67e0,0x00000000a8c00000)
 Metaspace       used 80874K, capacity 86922K, committed 87000K, reserved 1124352K
  class space    used 10844K, capacity 11998K, committed 12032K, reserved 1048576K
}
Event: 6174.714 GC heap before
{Heap before GC invocations=21 (full 3):
 PSYoungGen      total 258560K, used 258539K [0x00000000e0000000, 0x00000000f5480000, 0x0000000100000000)
  eden space 230400K, 100% used [0x00000000e0000000,0x00000000ee100000,0x00000000ee100000)
  from space 28160K, 99% used [0x00000000f2e00000,0x00000000f497af18,0x00000000f4980000)
  to   space 11264K, 0% used [0x00000000f4980000,0x00000000f4980000,0x00000000f5480000)
 ParOldGen       total 143360K, used 113497K [0x00000000a0000000, 0x00000000a8c00000, 0x00000000e0000000)
  object space 143360K, 79% used [0x00000000a0000000,0x00000000a6ed67e0,0x00000000a8c00000)
 Metaspace       used 82452K, capacity 88464K, committed 88664K, reserved 1126400K
  class space    used 10931K, capacity 12063K, committed 12160K, reserved 1048576K
Event: 6174.797 GC heap after
Heap after GC invocations=21 (full 3):
 PSYoungGen      total 283648K, used 11249K [0x00000000e0000000, 0x00000000f7c00000, 0x0000000100000000)
  eden space 272384K, 0% used [0x00000000e0000000,0x00000000e0000000,0x00000000f0a00000)
  from space 11264K, 99% used [0x00000000f4980000,0x00000000f547c5c8,0x00000000f5480000)
  to   space 58368K, 0% used [0x00000000f0a00000,0x00000000f0a00000,0x00000000f4300000)
 ParOldGen       total 172032K, used 171631K [0x00000000a0000000, 0x00000000aa800000, 0x00000000e0000000)
  object space 172032K, 99% used [0x00000000a0000000,0x00000000aa79bc98,0x00000000aa800000)
 Metaspace       used 82452K, capacity 88464K, committed 88664K, reserved 1126400K
  class space    used 10931K, capacity 12063K, committed 12160K, reserved 1048576K
}
Event: 6174.797 GC heap before
{Heap before GC invocations=22 (full 4):
 PSYoungGen      total 283648K, used 11249K [0x00000000e0000000, 0x00000000f7c00000, 0x0000000100000000)
  eden space 272384K, 0% used [0x00000000e0000000,0x00000000e0000000,0x00000000f0a00000)
  from space 11264K, 99% used [0x00000000f4980000,0x00000000f547c5c8,0x00000000f5480000)
  to   space 58368K, 0% used [0x00000000f0a00000,0x00000000f0a00000,0x00000000f4300000)
 ParOldGen       total 172032K, used 171631K [0x00000000a0000000, 0x00000000aa800000, 0x00000000e0000000)
  object space 172032K, 99% used [0x00000000a0000000,0x00000000aa79bc98,0x00000000aa800000)
 Metaspace       used 82452K, capacity 88464K, committed 88664K, reserved 1126400K
  class space    used 10931K, capacity 12063K, committed 12160K, reserved 1048576K

